0 info it worked if it ends with ok
1 verbose cli [ '/Users/dtysky/.nvm/versions/node/v5.9.0/bin/node',
1 verbose cli   '/Users/dtysky/.nvm/versions/node/v5.9.0/bin/npm',
1 verbose cli   'run',
1 verbose cli   'watch' ]
2 info using npm@3.7.3
3 info using node@v5.9.0
4 verbose run-script [ 'prewatch', 'watch', 'postwatch' ]
5 info lifecycle BlogReworkPro@1.0.0~prewatch: BlogReworkPro@1.0.0
6 silly lifecycle BlogReworkPro@1.0.0~prewatch: no script for prewatch, continuing
7 info lifecycle BlogReworkPro@1.0.0~watch: BlogReworkPro@1.0.0
8 verbose lifecycle BlogReworkPro@1.0.0~watch: unsafe-perm in lifecycle true
9 verbose lifecycle BlogReworkPro@1.0.0~watch: PATH: /Users/dtysky/.nvm/versions/node/v5.9.0/lib/node_modules/npm/bin/node-gyp-bin:/Users/dtysky/Complex_Mind/BlogReworkPro/Front/node_modules/.bin:/Users/dtysky/.nvm/versions/node/v5.9.0/bin:/Users/dtysky/.nvm/versions/node/v5.9.0/bin:/Users/dtysky/bin:/usr/local/bin:/usr/local/bin:/usr/bin:/bin:/usr/sbin:/sbin:/opt/X11/bin:/usr/local/share/dotnet:/Users/dtysky/bin
10 verbose lifecycle BlogReworkPro@1.0.0~watch: CWD: /Users/dtysky/Complex_Mind/BlogReworkPro/Front
11 silly lifecycle BlogReworkPro@1.0.0~watch: Args: [ '-c', 'gulp development' ]
12 silly lifecycle BlogReworkPro@1.0.0~watch: Returned: code: 1  signal: null
13 info lifecycle BlogReworkPro@1.0.0~watch: Failed to exec watch script
14 verbose stack Error: BlogReworkPro@1.0.0 watch: `gulp development`
14 verbose stack Exit status 1
14 verbose stack     at EventEmitter.<anonymous> (/Users/dtysky/.nvm/versions/node/v5.9.0/lib/node_modules/npm/lib/utils/lifecycle.js:239:16)
14 verbose stack     at emitTwo (events.js:100:13)
14 verbose stack     at EventEmitter.emit (events.js:185:7)
14 verbose stack     at ChildProcess.<anonymous> (/Users/dtysky/.nvm/versions/node/v5.9.0/lib/node_modules/npm/lib/utils/spawn.js:24:14)
14 verbose stack     at emitTwo (events.js:100:13)
14 verbose stack     at ChildProcess.emit (events.js:185:7)
14 verbose stack     at maybeClose (internal/child_process.js:850:16)
14 verbose stack     at Process.ChildProcess._handle.onexit (internal/child_process.js:215:5)
15 verbose pkgid BlogReworkPro@1.0.0
16 verbose cwd /Users/dtysky/Complex_Mind/BlogReworkPro/Front
17 error Darwin 14.5.0
18 error argv "/Users/dtysky/.nvm/versions/node/v5.9.0/bin/node" "/Users/dtysky/.nvm/versions/node/v5.9.0/bin/npm" "run" "watch"
19 error node v5.9.0
20 error npm  v3.7.3
21 error code ELIFECYCLE
22 error BlogReworkPro@1.0.0 watch: `gulp development`
22 error Exit status 1
23 error Failed at the BlogReworkPro@1.0.0 watch script 'gulp development'.
23 error Make sure you have the latest version of node.js and npm installed.
23 error If you do, this is most likely a problem with the BlogReworkPro package,
23 error not with npm itself.
23 error Tell the author that this fails on your system:
23 error     gulp development
23 error You can get information on how to open an issue for this project with:
23 error     npm bugs BlogReworkPro
23 error Or if that isn't available, you can get their info via:
23 error     npm owner ls BlogReworkPro
23 error There is likely additional logging output above.
24 verbose exit [ 1, true ]
